This is pdfTeX, Version 3.1415926-1.40.10 (MiKTeX 2.8) (preloaded format=pdflatex 2013.4.9)  9 APR 2013 00:41
entering extended mode
**D:/Kasutajad/Mart/Documents/GitHub/ThesisLatexTemplate/thesis_template/thesis
.tex

(D:/Kasutajad/Mart/Documents/GitHub/ThesisLatexTemplate/thesis_template/thesis.
tex
LaTeX2e <2009/09/24>
Babel <v3.8l> and hyphenation patterns for english, dumylang, nohyphenation, ge
rman, ngerman, german-x-2009-06-19, ngerman-x-2009-06-19, french, loaded.

(D:\Kasutajad\Mart\Documents\GitHub\ThesisLatexTemplate\thesis_template\Latex/C
lasses/PhDthesisPSnPDF.cls
Document Class: Latex/Classes/PhDthesisPSnPDF 2007/09/06 v2 PhD thesis class
(D:\TeX\tex\latex\base\book.cls
Document Class: book 2007/10/19 v1.4h Standard LaTeX document class
(D:\TeX\tex\latex\base\bk11.clo
File: bk11.clo 2007/10/19 v1.4h Standard LaTeX file (size option)
)
\c@part=\count79
\c@chapter=\count80
\c@section=\count81
\c@subsection=\count82
\c@subsubsection=\count83
\c@paragraph=\count84
\c@subparagraph=\count85
\c@figure=\count86
\c@table=\count87
\abovecaptionskip=\skip41
\belowcaptionskip=\skip42
\bibindent=\dimen102
) (D:\TeX\tex\latex\amsfonts\amssymb.sty
Package: amssymb 2009/06/22 v3.00

(D:\TeX\tex\latex\amsfonts\amsfonts.sty
Package: amsfonts 2009/06/22 v3.00 Basic AMSFonts support
\@emptytoks=\toks14
\symAMSa=\mathgroup4
\symAMSb=\mathgroup5
LaTeX Font Info:    Overwriting math alphabet `\mathfrak' in version `bold'
(Font)                  U/euf/m/n --> U/euf/b/n on input line 96.
))
(D:\TeX\tex\latex\graphics\graphics.sty
Package: graphics 2009/02/05 v1.0o Standard LaTeX Graphics (DPC,SPQR)
 (D:\TeX\tex\latex\graphics\trig.sty
Package: trig 1999/03/16 v1.09 sin cos tan (DPC)
)
(D:\TeX\tex\latex\00miktex\graphics.cfg
File: graphics.cfg 2007/01/18 v1.5 graphics configuration of teTeX/TeXLive
)
Package graphics Info: Driver file: pdftex.def on input line 91.

(D:\TeX\tex\latex\pdftex-def\pdftex.def
File: pdftex.def 2009/08/25 v0.04m Graphics/color for pdfTeX
\Gread@gobject=\count88
)) (D:\TeX\tex\latex\caption\caption.sty
Package: caption 2013/02/03 v3.3-65 Customizing captions (AR)
(D:\TeX\tex\latex\caption\caption3.sty
Package: caption3 2013/02/03 v1.5-62 caption3 kernel (AR)
 (D:\TeX\tex\latex\graphics\keyval.sty
Package: keyval 1999/03/16 v1.13 key=value parser (DPC)
\KV@toks@=\toks15
)
\captionmargin=\dimen103
\captionmargin@=\dimen104
\captionwidth=\dimen105
\caption@tempdima=\dimen106
\caption@indent=\dimen107
\caption@parindent=\dimen108
\caption@hangindent=\dimen109
)
\c@ContinuedFloat=\count89
) (D:\TeX\tex\latex\fancyhdr\fancyhdr.sty
\fancy@headwidth=\skip43
\f@ncyO@elh=\skip44
\f@ncyO@erh=\skip45
\f@ncyO@olh=\skip46
\f@ncyO@orh=\skip47
\f@ncyO@elf=\skip48
\f@ncyO@erf=\skip49
\f@ncyO@olf=\skip50
\f@ncyO@orf=\skip51
) (D:\TeX\tex\latex\amsfonts\eucal.sty
Package: eucal 2009/06/22 v3.00 Euler Script fonts
LaTeX Font Info:    Overwriting math alphabet `\EuScript' in version `bold'
(Font)                  U/eus/m/n --> U/eus/b/n on input line 33.
) (D:\TeX\tex\generic\babel\babel.sty
Package: babel 2008/07/06 v3.8l The Babel package

*************************************
* Local config file bblopts.cfg used
*
(D:\TeX\tex\latex\00miktex\bblopts.cfg
File: bblopts.cfg 2006/07/31 v1.0 MiKTeX 'babel' configuration
) (D:\TeX\tex\generic\babel\english.ldf
Language: english 2005/03/30 v3.3o English support from the babel system

(D:\TeX\tex\generic\babel\babel.def
File: babel.def 2008/07/06 v3.8l Babel common definitions
\babel@savecnt=\count90
\U@D=\dimen110
)
\l@canadian = a dialect from \language\l@american 
\l@australian = a dialect from \language\l@british 
\l@newzealand = a dialect from \language\l@british 
)) (D:\TeX\tex\latex\graphics\color.sty
Package: color 2005/11/14 v1.0j Standard LaTeX Color (DPC)

(D:\TeX\tex\latex\00miktex\color.cfg
File: color.cfg 2007/01/18 v1.5 color configuration of teTeX/TeXLive
)
Package color Info: Driver file: pdftex.def on input line 130.
 (D:\TeX\tex\latex\graphics\dvipsnam.def
File: dvipsnam.def 1999/02/16 v3.0i Driver-dependant file (DPC,SPQR)
)) (D:\TeX\tex\latex\footmisc\footmisc.sty
Package: footmisc 2011/06/06 v5.5b a miscellany of footnote facilities
\FN@temptoken=\toks16
\footnotemargin=\dimen111
\c@pp@next@reset=\count91
\c@@fnserial=\count92
Package footmisc Info: Declaring symbol style bringhurst on input line 855.
Package footmisc Info: Declaring symbol style chicago on input line 863.
Package footmisc Info: Declaring symbol style wiley on input line 872.
Package footmisc Info: Declaring symbol style lamport-robust on input line 883.

Package footmisc Info: Declaring symbol style lamport* on input line 903.
Package footmisc Info: Declaring symbol style lamport*-robust on input line 924
.
) (D:\TeX\tex\latex\natbib\natbib.sty
Package: natbib 2010/09/13 8.31b (PWD, AO)
\bibhang=\skip52
\bibsep=\skip53
LaTeX Info: Redefining \cite on input line 694.
\c@NAT@ctr=\count93
)
(D:\TeX\tex\latex\base\ifthen.sty
Package: ifthen 2001/05/26 v1.1c Standard LaTeX ifthen package (DPC)
) (D:\TeX\tex\latex\tools\multicol.sty
Package: multicol 2008/12/05 v1.6h multicolumn formatting (FMi)
\c@tracingmulticols=\count94
\mult@box=\box26
\multicol@leftmargin=\dimen112
\c@unbalance=\count95
\c@collectmore=\count96
\doublecol@number=\count97
\multicoltolerance=\count98
\multicolpretolerance=\count99
\full@width=\dimen113
\page@free=\dimen114
\premulticols=\dimen115
\postmulticols=\dimen116
\multicolsep=\skip54
\multicolbaselineskip=\skip55
\partial@page=\box27
\last@line=\box28
\mult@rightbox=\box29
\mult@grightbox=\box30
\mult@gfirstbox=\box31
\mult@firstbox=\box32
\@tempa=\box33
\@tempa=\box34
\@tempa=\box35
\@tempa=\box36
\@tempa=\box37
\@tempa=\box38
\@tempa=\box39
\@tempa=\box40
\@tempa=\box41
\@tempa=\box42
\@tempa=\box43
\@tempa=\box44
\@tempa=\box45
\@tempa=\box46
\@tempa=\box47
\@tempa=\box48
\@tempa=\box49
\c@columnbadness=\count100
\c@finalcolumnbadness=\count101
\last@try=\dimen117
\multicolovershoot=\dimen118
\multicolundershoot=\dimen119
\mult@nat@firstbox=\box50
\colbreak@box=\box51
)
(D:\TeX\tex\latex\tocbibind\tocbibind.sty
Package: tocbibind 2010/10/13 v1.5k extra ToC listings
Package tocbibind Info: The document has chapter divisions on input line 50.


Package tocbibind Note: Using chapter style headings, unless overridden.

) (D:\TeX\tex\latex\nomencl\nomencl.sty
Package: nomencl 2005/09/22 v4.2 Nomenclature package (LN)
\nomlabelwidth=\dimen120
\nom@tempdim=\dimen121
\nomitemsep=\skip56
)
\@nomenclaturefile=\write3

Writing nomenclature file thesis.nlo
(D:\TeX\tex\generic\oberdiek\ifpdf.sty
Package: ifpdf 2009/04/10 v2.0 Provides the ifpdf switch (HO)
Package ifpdf Info: pdfTeX in pdf mode detected.
) (D:\TeX\tex\latex\hyperref\hyperref.sty
Package: hyperref 2009/10/19 v6.79b Hypertext links for LaTeX
(D:\TeX\tex\generic\oberdiek\ifvtex.sty
Package: ifvtex 2008/11/04 v1.4 Switches for detecting VTeX and its modes (HO)
Package ifvtex Info: VTeX not detected.
) (D:\TeX\tex\latex\ifxetex\ifxetex.sty
Package: ifxetex 2009/01/23 v0.5 Provides ifxetex conditional
) (D:\TeX\tex\latex\oberdiek\hycolor.sty
Package: hycolor 2009/10/02 v1.5 Code for color options of hyperref/bookmark (H
O)

(D:\TeX\tex\latex\oberdiek\xcolor-patch.sty
Package: xcolor-patch 2009/10/02 xcolor patch
))
\@linkdim=\dimen122
\Hy@linkcounter=\count102
\Hy@pagecounter=\count103

(D:\TeX\tex\latex\hyperref\pd1enc.def
File: pd1enc.def 2009/10/19 v6.79b Hyperref: PDFDocEncoding definition (HO)
)
(D:\TeX\tex\generic\oberdiek\etexcmds.sty
Package: etexcmds 2007/12/12 v1.2 Prefix for e-TeX command names (HO)

(D:\TeX\tex\generic\oberdiek\infwarerr.sty
Package: infwarerr 2007/09/09 v1.2 Providing info/warning/message (HO)
)
Package etexcmds Info: Could not find \expanded.
(etexcmds)             That can mean that you are not using pdfTeX 1.50 or
(etexcmds)             that some package has redefined \expanded.
(etexcmds)             In the latter case, load this package earlier.
)
(D:\TeX\tex\latex\00miktex\hyperref.cfg
File: hyperref.cfg 2002/06/06 v1.2 hyperref configuration of TeXLive
)
(D:\TeX\tex\latex\oberdiek\kvoptions.sty
Package: kvoptions 2009/08/13 v3.4 Keyval support for LaTeX options (HO)

(D:\TeX\tex\generic\oberdiek\kvsetkeys.sty
Package: kvsetkeys 2009/07/30 v1.5 Key value parser with default handler suppor
t (HO)
))
Package hyperref Info: Option `plainpages' set `false' on input line 2864.
Package hyperref Info: Option `pdfpagelabels' set `true' on input line 2864.


Package hyperref Warning: Values of option `pdfpagelayout':
(hyperref)                * `SinglePage'
(hyperref)                * `OneColumn'
(hyperref)                * `TwoColumnLeft'
(hyperref)                * `TwoColumnRight'
(hyperref)                * `TwoPageLeft' (PDF 1.5)
(hyperref)                * `TwoPageRight' (PDF 1.5)
(hyperref)                * An empty value disables the option.
(hyperref)                Unknown value `useoutlines' on input line 2864.

Package hyperref Info: Option `bookmarks' set `true' on input line 2864.
Package hyperref Info: Option `bookmarksopen' set `true' on input line 2864.
Package hyperref Info: Option `bookmarksnumbered' set `true' on input line 2864
.
Package hyperref Info: Option `breaklinks' set `true' on input line 2864.
Package hyperref Info: Option `linktocpage' set `true' on input line 2864.
Package hyperref Info: Option `colorlinks' set `false' on input line 2864.
Package hyperref Info: Option `hyperindex' set `true' on input line 2864.
Package hyperref Info: Option `hyperfigures' set `true' on input line 2864.
Package hyperref Info: Hyper figures ON on input line 2973.
Package hyperref Info: Link nesting OFF on input line 2980.
Package hyperref Info: Hyper index ON on input line 2983.
Package hyperref Info: Plain pages OFF on input line 2990.
Package hyperref Info: Backreferencing ON on input line 2993.
Implicit mode ON; LaTeX internals redefined
Package hyperref Info: Bookmarks ON on input line 3191.
(D:\TeX\tex\latex\hyperref\backref.sty
Package: backref 2006/09/05 v1.28 Bibliographical back referencing
) (D:\TeX\tex\latex\ltxmisc\url.sty
\Urlmuskip=\muskip10
Package: url 2006/04/12  ver 3.3  Verb mode for urls, etc.
)
LaTeX Info: Redefining \url on input line 3428.

(D:\TeX\tex\generic\oberdiek\bitset.sty
Package: bitset 2007/09/28 v1.0 Data type bit set (HO)

(D:\TeX\tex\generic\oberdiek\intcalc.sty
Package: intcalc 2007/09/27 v1.1 Expandable integer calculations (HO)
)
(D:\TeX\tex\generic\oberdiek\bigintcalc.sty
Package: bigintcalc 2007/11/11 v1.1 Expandable big integer calculations (HO)

(D:\TeX\tex\generic\oberdiek\pdftexcmds.sty
Package: pdftexcmds 2009/09/23 v0.6 LuaTeX support for pdfTeX utility functions
 (HO)

(D:\TeX\tex\generic\oberdiek\ifluatex.sty
Package: ifluatex 2009/04/17 v1.2 Provides the ifluatex switch (HO)
Package ifluatex Info: LuaTeX not detected.
)
(D:\TeX\tex\generic\oberdiek\ltxcmds.sty
Package: ltxcmds 2009/08/05 v1.0 Some LaTeX kernel commands for general use (HO
)
)
Package pdftexcmds Info: LuaTeX not detected.
Package pdftexcmds Info: \pdf@primitive is available.
Package pdftexcmds Info: \pdf@ifprimitive is available.
)))
\Fld@menulength=\count104
\Field@Width=\dimen123
\Fld@charsize=\dimen124
\Field@toks=\toks17
Package hyperref Info: Hyper figures ON on input line 4375.
Package hyperref Info: Link nesting OFF on input line 4382.
Package hyperref Info: Hyper index ON on input line 4385.
Package hyperref Info: backreferencing ON on input line 4390.
Package hyperref Info: Link coloring OFF on input line 4397.
Package hyperref Info: Link coloring with OCG OFF on input line 4402.
Package hyperref Info: PDF/A mode OFF on input line 4407.

(D:\TeX\tex\generic\oberdiek\atbegshi.sty
Package: atbegshi 2008/07/31 v1.9 At begin shipout hook (HO)
)
\Hy@abspage=\count105
\c@Item=\count106
\c@Hfootnote=\count107
)
*hyperref using driver hpdftex*
(D:\TeX\tex\latex\hyperref\hpdftex.def
File: hpdftex.def 2009/10/19 v6.79b Hyperref driver for pdfTeX
\Fld@listcount=\count108
) (D:\TeX\tex\latex\graphics\graphicx.sty
Package: graphicx 1999/02/16 v1.0f Enhanced LaTeX Graphics (DPC,SPQR)
\Gin@req@height=\dimen125
\Gin@req@width=\dimen126
))
\@input{Latex/Macros/MacroFile1.aux}

(D:\Kasutajad\Mart\Documents\GitHub\ThesisLatexTemplate\thesis_template\Latex/M
acros/MacroFile1.tex)
(D:\Kasutajad\Mart\Documents\GitHub\ThesisLatexTemplate\thesis_template\thesis.
aux
(D:\Kasutajad\Mart\Documents\GitHub\ThesisLatexTemplate\thesis_template\title_p
age/stardard_page.aux)
(D:\Kasutajad\Mart\Documents\GitHub\ThesisLatexTemplate\thesis_template\0_front
matter/abstract.aux)
(D:\Kasutajad\Mart\Documents\GitHub\ThesisLatexTemplate\thesis_template\0_front
matter/acknowledgement.aux)
(D:\Kasutajad\Mart\Documents\GitHub\ThesisLatexTemplate\thesis_template\1_intro
duction/introduction.aux)
(D:\Kasutajad\Mart\Documents\GitHub\ThesisLatexTemplate\thesis_template\2/state
ofart.aux)
(D:\Kasutajad\Mart\Documents\GitHub\ThesisLatexTemplate\thesis_template\3/resea
rchquestion.aux)
(D:\Kasutajad\Mart\Documents\GitHub\ThesisLatexTemplate\thesis_template\3/contr
ibutions.aux)
(D:\Kasutajad\Mart\Documents\GitHub\ThesisLatexTemplate\thesis_template\4/cases
tudies.aux)
(D:\Kasutajad\Mart\Documents\GitHub\ThesisLatexTemplate\thesis_template\5/concl
usions.aux)
(D:\Kasutajad\Mart\Documents\GitHub\ThesisLatexTemplate\thesis_template\6/relat
edwork.aux)
(D:\Kasutajad\Mart\Documents\GitHub\ThesisLatexTemplate\thesis_template\6/futur
eresearch.aux)
(D:\Kasutajad\Mart\Documents\GitHub\ThesisLatexTemplate\thesis_template\7/eesti
abstract.aux))
LaTeX Font Info:    Checking defaults for OML/cmm/m/it on input line 98.
LaTeX Font Info:    ... okay on input line 98.
LaTeX Font Info:    Checking defaults for T1/cmr/m/n on input line 98.
LaTeX Font Info:    ... okay on input line 98.
LaTeX Font Info:    Checking defaults for OT1/cmr/m/n on input line 98.
LaTeX Font Info:    ... okay on input line 98.
LaTeX Font Info:    Checking defaults for OMS/cmsy/m/n on input line 98.
LaTeX Font Info:    ... okay on input line 98.
LaTeX Font Info:    Checking defaults for OMX/cmex/m/n on input line 98.
LaTeX Font Info:    ... okay on input line 98.
LaTeX Font Info:    Checking defaults for U/cmr/m/n on input line 98.
LaTeX Font Info:    ... okay on input line 98.
LaTeX Font Info:    Checking defaults for PD1/pdf/m/n on input line 98.
LaTeX Font Info:    ... okay on input line 98.
 (D:\TeX\tex\context\base\supp-pdf.tex
[Loading MPS to PDF converter (version 2006.09.02).]
\scratchcounter=\count109
\scratchdimen=\dimen127
\scratchbox=\box52
\nofMPsegments=\count110
\nofMParguments=\count111
\everyMPshowfont=\toks18
\MPscratchCnt=\count112
\MPscratchDim=\dimen128
\MPnumerator=\count113
\everyMPtoPDFconversion=\toks19
)
Package caption Info: Begin \AtBeginDocument code.
Package caption Info: hyperref package is loaded.
Package caption Info: End \AtBeginDocument code.
Package hyperref Info: Link coloring OFF on input line 98.
 (D:\TeX\tex\latex\hyperref\nameref.sty
Package: nameref 2007/05/29 v2.31 Cross-referencing by name of section

(D:\TeX\tex\latex\oberdiek\refcount.sty
Package: refcount 2008/08/11 v3.1 Data extraction from references (HO)
)
\c@section@level=\count114
)
LaTeX Info: Redefining \ref on input line 98.
LaTeX Info: Redefining \pageref on input line 98.

(D:\Kasutajad\Mart\Documents\GitHub\ThesisLatexTemplate\thesis_template\thesis.
out)
(D:\Kasutajad\Mart\Documents\GitHub\ThesisLatexTemplate\thesis_template\thesis.
out)
\@outlinefile=\write4
Package backref Info: ** backref set up for natbib ** on input line 98.
\AtBeginShipoutBox=\box53

(D:\Kasutajad\Mart\Documents\GitHub\ThesisLatexTemplate\thesis_template\title_p
age/stardard_page.tex

! LaTeX Error: There's no line here to end.

See the LaTeX manual or LaTeX Companion for explanation.
Type  H <return>  for immediate help.
 ...                                              
                                                  
l.13 \hbox{}\\
              [6cm]
? H
Your command was ignored.
Type  I <command> <return>  to replace it with another command,
or  <return>  to continue without it.
? 
LaTeX Font Info:    Try loading font information for U+msa on input line 38.
(D:\TeX\tex\latex\amsfonts\umsa.fd
File: umsa.fd 2009/06/22 v3.00 AMS symbols A
)
LaTeX Font Info:    Try loading font information for U+msb on input line 38.
 (D:\TeX\tex\latex\amsfonts\umsb.fd
File: umsb.fd 2009/06/22 v3.00 AMS symbols B
)
[1





{C:/Users/Mart/AppData/Local/MiKTeX/2.8/pdftex/config/pdftex.map}])
(D:\Kasutajad\Mart\Documents\GitHub\ThesisLatexTemplate\thesis_template\0_front
matter/abstract.tex [2


])
(D:\Kasutajad\Mart\Documents\GitHub\ThesisLatexTemplate\thesis_template\thesis.
toc [3
\FN@pp@footnotehinttrue 


])
\tf@toc=\write5
 [4]
(D:\Kasutajad\Mart\Documents\GitHub\ThesisLatexTemplate\thesis_template\thesis.
lof)
\tf@lof=\write6
 [5

] [6

]
(D:\Kasutajad\Mart\Documents\GitHub\ThesisLatexTemplate\thesis_template\0_front
matter/acknowledgement.tex [1

])
(D:\Kasutajad\Mart\Documents\GitHub\ThesisLatexTemplate\thesis_template\1_intro
duction/introduction.tex [2



]
 1.
) [3]
(D:\Kasutajad\Mart\Documents\GitHub\ThesisLatexTemplate\thesis_template\2/state
ofart.tex [4



]
 2.
Missing character: There is no ï in font cmr10!
Missing character: There is no ¬ in font cmr10!
Missing character: There is no ‚ in font cmr10!
Missing character: There is no â in font cmr10!
Missing character: There is no € in font cmr10!
Missing character: There is no “ in font cmr10!
[5]) [6]
(D:\Kasutajad\Mart\Documents\GitHub\ThesisLatexTemplate\thesis_template\3/resea
rchquestion.tex
 3.

Package natbib Warning: Citation `chen2000survey' on page 7 undefined on input 
line 36.

) [7



]
(D:\Kasutajad\Mart\Documents\GitHub\ThesisLatexTemplate\thesis_template\3/contr
ibutions.tex [8



]
 4.
) [9]
(D:\Kasutajad\Mart\Documents\GitHub\ThesisLatexTemplate\thesis_template\4/cases
tudies.tex [10



]
 5.
) [11]
(D:\Kasutajad\Mart\Documents\GitHub\ThesisLatexTemplate\thesis_template\5/concl
usions.tex [12



]
 6.
) [13]
(D:\Kasutajad\Mart\Documents\GitHub\ThesisLatexTemplate\thesis_template\6/relat
edwork.tex [14



]
 7.
) [15]
(D:\Kasutajad\Mart\Documents\GitHub\ThesisLatexTemplate\thesis_template\6/futur
eresearch.tex [16



]
 8.
) [17]
(D:\Kasutajad\Mart\Documents\GitHub\ThesisLatexTemplate\thesis_template\7/eesti
abstract.tex [18



]
 9.
) [19]
(D:\Kasutajad\Mart\Documents\GitHub\ThesisLatexTemplate\thesis_template\thesis.
bbl
(D:\Kasutajad\Mart\Documents\GitHub\ThesisLatexTemplate\thesis_template\thesis.
brf)
\tf@brf=\write7
 [20


])
Overfull \vbox (90.73764pt too high) has occurred while \output is active []


Overfull \vbox (89.73764pt too high) has occurred while \output is active []


Overfull \vbox (88.73764pt too high) has occurred while \output is active []


Overfull \vbox (87.73764pt too high) has occurred while \output is active []


Overfull \vbox (86.73764pt too high) has occurred while \output is active []


Overfull \vbox (85.73764pt too high) has occurred while \output is active []


Overfull \vbox (84.73764pt too high) has occurred while \output is active []


Overfull \vbox (83.73764pt too high) has occurred while \output is active []


Overfull \vbox (82.73764pt too high) has occurred while \output is active []


Overfull \vbox (81.73764pt too high) has occurred while \output is active []


Overfull \vbox (80.73764pt too high) has occurred while \output is active []


Overfull \vbox (79.73764pt too high) has occurred while \output is active []


Overfull \vbox (78.73764pt too high) has occurred while \output is active []


Overfull \vbox (77.73764pt too high) has occurred while \output is active []


Overfull \vbox (76.73764pt too high) has occurred while \output is active []


Overfull \vbox (75.73764pt too high) has occurred while \output is active []


Overfull \vbox (74.73764pt too high) has occurred while \output is active []


Overfull \vbox (73.73764pt too high) has occurred while \output is active []


Overfull \vbox (72.73764pt too high) has occurred while \output is active []


Overfull \vbox (71.73764pt too high) has occurred while \output is active []


Overfull \vbox (70.73764pt too high) has occurred while \output is active []


Overfull \vbox (69.73764pt too high) has occurred while \output is active []


Overfull \vbox (68.73764pt too high) has occurred while \output is active []


Overfull \vbox (67.73764pt too high) has occurred while \output is active []


Overfull \vbox (66.73764pt too high) has occurred while \output is active []


Overfull \vbox (65.73764pt too high) has occurred while \output is active []


Overfull \vbox (64.73764pt too high) has occurred while \output is active []


Overfull \vbox (63.73764pt too high) has occurred while \output is active []


Overfull \vbox (62.73764pt too high) has occurred while \output is active []


Overfull \vbox (61.73764pt too high) has occurred while \output is active []


Overfull \vbox (60.73764pt too high) has occurred while \output is active []


Overfull \vbox (59.73764pt too high) has occurred while \output is active []


Overfull \vbox (58.73764pt too high) has occurred while \output is active []


Overfull \vbox (57.73764pt too high) has occurred while \output is active []


Overfull \vbox (56.73764pt too high) has occurred while \output is active []


Overfull \vbox (55.73764pt too high) has occurred while \output is active []


Overfull \vbox (54.73764pt too high) has occurred while \output is active []


Overfull \vbox (53.73764pt too high) has occurred while \output is active []


Overfull \vbox (52.73764pt too high) has occurred while \output is active []


Overfull \vbox (51.73764pt too high) has occurred while \output is active []


Overfull \vbox (50.73764pt too high) has occurred while \output is active []


Overfull \vbox (49.73764pt too high) has occurred while \output is active []


Overfull \vbox (48.73764pt too high) has occurred while \output is active []


Overfull \vbox (47.73764pt too high) has occurred while \output is active []


Overfull \vbox (46.73764pt too high) has occurred while \output is active []


Overfull \vbox (45.73764pt too high) has occurred while \output is active []


Overfull \vbox (44.73764pt too high) has occurred while \output is active []


Overfull \vbox (43.73764pt too high) has occurred while \output is active []


Overfull \vbox (42.73764pt too high) has occurred while \output is active []


Overfull \vbox (41.73764pt too high) has occurred while \output is active []


Overfull \vbox (40.73764pt too high) has occurred while \output is active []


Overfull \vbox (39.73764pt too high) has occurred while \output is active []


Overfull \vbox (38.73764pt too high) has occurred while \output is active []


Overfull \vbox (37.73764pt too high) has occurred while \output is active []


Overfull \vbox (36.73764pt too high) has occurred while \output is active []



Package natbib Warning: There were undefined citations.

[21]
(D:\Kasutajad\Mart\Documents\GitHub\ThesisLatexTemplate\thesis_template\thesis.
aux
(D:\Kasutajad\Mart\Documents\GitHub\ThesisLatexTemplate\thesis_template\title_p
age/stardard_page.aux)
(D:\Kasutajad\Mart\Documents\GitHub\ThesisLatexTemplate\thesis_template\0_front
matter/abstract.aux)
(D:\Kasutajad\Mart\Documents\GitHub\ThesisLatexTemplate\thesis_template\0_front
matter/acknowledgement.aux)
(D:\Kasutajad\Mart\Documents\GitHub\ThesisLatexTemplate\thesis_template\1_intro
duction/introduction.aux)
(D:\Kasutajad\Mart\Documents\GitHub\ThesisLatexTemplate\thesis_template\2/state
ofart.aux)
(D:\Kasutajad\Mart\Documents\GitHub\ThesisLatexTemplate\thesis_template\3/resea
rchquestion.aux)
(D:\Kasutajad\Mart\Documents\GitHub\ThesisLatexTemplate\thesis_template\3/contr
ibutions.aux)
(D:\Kasutajad\Mart\Documents\GitHub\ThesisLatexTemplate\thesis_template\4/cases
tudies.aux)
(D:\Kasutajad\Mart\Documents\GitHub\ThesisLatexTemplate\thesis_template\5/concl
usions.aux)
(D:\Kasutajad\Mart\Documents\GitHub\ThesisLatexTemplate\thesis_template\6/relat
edwork.aux)
(D:\Kasutajad\Mart\Documents\GitHub\ThesisLatexTemplate\thesis_template\6/futur
eresearch.aux)
(D:\Kasutajad\Mart\Documents\GitHub\ThesisLatexTemplate\thesis_template\7/eesti
abstract.aux)

Package natbib Warning: Citation(s) may have changed.
(natbib)                Rerun to get citations correct.

) ) 
Here is how much of TeX's memory you used:
 7137 strings out of 495285
 109983 string characters out of 3182204
 181063 words of memory out of 3000000
 10050 multiletter control sequences out of 15000+200000
 12135 words of font info for 45 fonts, out of 3000000 for 9000
 14 hyphenation exceptions out of 8191
 45i,12n,45p,814b,462s stack positions out of 5000i,500n,10000p,200000b,50000s
pdfTeX warning (dest): name{section*.5} has been referenced but does not exi
st, replaced by a fixed one

pdfTeX warning (dest): name{section*.3} has been referenced but does not exist,
 replaced by a fixed one

<D:/TeX/fonts/type1/public/amsfonts/cm/cmbx10.pfb><D:/TeX/fonts/type1/public/am
sfonts/cm/cmbx12.pfb><D:/TeX/fonts/type1/public/amsfonts/cm/cmcsc10.pfb><D:/TeX
/fonts/type1/public/amsfonts/cm/cmr10.pfb><D:/TeX/fonts/type1/public/amsfonts/c
m/cmr12.pfb><D:/TeX/fonts/type1/public/amsfonts/cm/cmr6.pfb><D:/TeX/fonts/type1
/public/amsfonts/cm/cmti12.pfb><D:/TeX/fonts/type1/public/amsfonts/cm/cmtt10.pf
b>
Output written on thesis.pdf (27 pages, 162486 bytes).
PDF statistics:
 285 PDF objects out of 1000 (max. 8388607)
 56 named destinations out of 1000 (max. 500000)
 185 words of extra memory for PDF output out of 10000 (max. 10000000)

